[debug] [2025-10-12T16:14:46.219Z] ----------------------------------------------------------------------
[debug] [2025-10-12T16:14:46.269Z] Command:       C:\Program Files\nodejs\node.exe C:\Users\YOKEIRY\AppData\Roaming\npm\node_modules\firebase-tools\lib\bin\firebase.js init
[debug] [2025-10-12T16:14:46.270Z] CLI Version:   13.32.0
[debug] [2025-10-12T16:14:46.270Z] Platform:      win32
[debug] [2025-10-12T16:14:46.271Z] Node Version:  v22.14.0
[debug] [2025-10-12T16:14:46.272Z] Time:          Sun Oct 12 2025 04:14:46 GMT-1200 (GMT-12:00)
[debug] [2025-10-12T16:14:46.272Z] ----------------------------------------------------------------------
[debug] 
[debug] [2025-10-12T16:14:46.287Z] >>> [apiv2][query] GET https://firebase-public.firebaseio.com/cli.json [none]
[debug] [2025-10-12T16:14:50.712Z] > command requires scopes: ["email","openid","https://www.googleapis.com/auth/cloudplatformprojects.readonly","https://www.googleapis.com/auth/firebase","https://www.googleapis.com/auth/cloud-platform"]
[debug] [2025-10-12T16:14:50.715Z] > authorizing via signed-in user (sp9979182@gmail.com)
[info] 
     ######## #### ########  ######## ########     ###     ######  ########
     ##        ##  ##     ## ##       ##     ##  ##   ##  ##       ##
     ######    ##  ########  ######   ########  #########  ######  ######
     ##        ##  ##    ##  ##       ##     ## ##     ##       ## ##
     ##       #### ##     ## ######## ########  ##     ##  ######  ########

You're about to initialize a Firebase project in this directory:

  C:\Users\YOKEIRY\Desktop\Dhirofans

Before we get started, keep in mind:

  * You are initializing within an existing Firebase project directory

[debug] [2025-10-12T16:14:52.006Z] <<< [apiv2][status] GET https://firebase-public.firebaseio.com/cli.json 200
[debug] [2025-10-12T16:14:52.009Z] <<< [apiv2][body] GET https://firebase-public.firebaseio.com/cli.json {"cloudBuildErrorAfter":1594252800000,"cloudBuildWarnAfter":1590019200000,"defaultNode10After":1594252800000,"minVersion":"3.0.5","node8DeploysDisabledAfter":1613390400000,"node8RuntimeDisabledAfter":1615809600000,"node8WarnAfter":1600128000000}
